<?xml version="1.0" encoding="UTF-8"?>
<testsuite name="com.arthenica.ffmpegkit.FFmpegKitConfigTest" tests="4" skipped="0" failures="0" errors="0" timestamp="2025-04-08T14:45:56" hostname="mbfakouris-MacBook-Air.local" time="0.005">
  <properties/>
  <testcase name="extractExtensionFromSafDisplayName" classname="com.arthenica.ffmpegkit.FFmpegKitConfigTest" time="0.003"/>
  <testcase name="getPackageName" classname="com.arthenica.ffmpegkit.FFmpegKitConfigTest" time="0.0"/>
  <testcase name="setSessionHistorySize" classname="com.arthenica.ffmpegkit.FFmpegKitConfigTest" time="0.001"/>
  <testcase name="getExternalLibraries" classname="com.arthenica.ffmpegkit.FFmpegKitConfigTest" time="0.0"/>
  <system-out><![CDATA[]]></system-out>
  <system-err><![CDATA[]]></system-err>
</testsuite>
