<?xml version="1.0" encoding="UTF-8"?>
<testsuite name="com.arthenica.ffmpegkit.FFmpegKitTest" tests="11" skipped="0" failures="0" errors="0" timestamp="2025-04-11T20:55:09" hostname="mbfakouris-MacBook-Air.local" time="0.005">
  <properties/>
  <testcase name="parseSingleQuotesInCommand" classname="com.arthenica.ffmpegkit.FFmpegKitTest" time="0.0"/>
  <testcase name="mediaInformationGif" classname="com.arthenica.ffmpegkit.FFmpegKitTest" time="0.003"/>
  <testcase name="mediaInformationJpg" classname="com.arthenica.ffmpegkit.FFmpegKitTest" time="0.0"/>
  <testcase name="mediaInformationMp3" classname="com.arthenica.ffmpegkit.FFmpegKitTest" time="0.001"/>
  <testcase name="mediaInformationMp4" classname="com.arthenica.ffmpegkit.FFmpegKitTest" time="0.0"/>
  <testcase name="mediaInformationOgg" classname="com.arthenica.ffmpegkit.FFmpegKitTest" time="0.0"/>
  <testcase name="mediaInformationPng" classname="com.arthenica.ffmpegkit.FFmpegKitTest" time="0.0"/>
  <testcase name="parseDoubleQuotesAndEscapesInCommand" classname="com.arthenica.ffmpegkit.FFmpegKitTest" time="0.0"/>
  <testcase name="argumentsToString" classname="com.arthenica.ffmpegkit.FFmpegKitTest" time="0.0"/>
  <testcase name="parseDoubleQuotesInCommand" classname="com.arthenica.ffmpegkit.FFmpegKitTest" time="0.0"/>
  <testcase name="parseSimpleCommand" classname="com.arthenica.ffmpegkit.FFmpegKitTest" time="0.0"/>
  <system-out><![CDATA[]]></system-out>
  <system-err><![CDATA[]]></system-err>
</testsuite>
